# JRE version: Java(TM) SE Runtime Environment (8.0_192-b12) (build 1.8.0_192-b12)
# Java VM: Java HotSpot(TM) 64-Bit Server VM (25.192-b12 mixed mode windows-amd64 compressed oops)
Heap:
 PSYoungGen      total 139776K, used 9205K [0x00000000d6780000, 0x00000000df980000, 0x0000000100000000)
  eden space 130560K, 0% used [0x00000000d6780000,0x00000000d6780000,0x00000000de700000)
  from space 9216K, 99% used [0x00000000de700000,0x00000000deffd7d8,0x00000000df000000)
  to   space 8704K, 0% used [0x00000000df000000,0x00000000df000000,0x00000000df880000)
 ParOldGen       total 86016K, used 10025K [0x0000000083600000, 0x0000000088a00000, 0x00000000d6780000)
  object space 86016K, 11% used [0x0000000083600000,0x0000000083fca720,0x0000000088a00000)
 Metaspace       used 16134K, capacity 16658K, committed 16896K, reserved 1064960K
  class space    used 1845K, capacity 2014K, committed 2048K, reserved 1048576K
GC Heap History (10 events):
Event: 1.272 GC heap before
{Heap before GC invocations=2 (full 0):
 PSYoungGen      total 37888K, used 37225K [0x00000000d6780000, 0x00000000d9180000, 0x0000000100000000)
  eden space 32768K, 100% used [0x00000000d6780000,0x00000000d8780000,0x00000000d8780000)
  from space 5120K, 87% used [0x00000000d8780000,0x00000000d8bda688,0x00000000d8c80000)
  to   space 5120K, 0% used [0x00000000d8c80000,0x00000000d8c80000,0x00000000d9180000)
 ParOldGen       total 86016K, used 16K [0x0000000083600000, 0x0000000088a00000, 0x00000000d6780000)
  object space 86016K, 0% used [0x0000000083600000,0x0000000083604000,0x0000000088a00000)
 Metaspace       used 12187K, capacity 12472K, committed 12672K, reserved 1060864K
  class space    used 1502K, capacity 1577K, committed 1664K, reserved 1048576K
Event: 1.281 GC heap after
Heap after GC invocations=2 (full 0):
 PSYoungGen      total 37888K, used 5094K [0x00000000d6780000, 0x00000000db180000, 0x0000000100000000)
  eden space 32768K, 0% used [0x00000000d6780000,0x00000000d6780000,0x00000000d8780000)
  from space 5120K, 99% used [0x00000000d8c80000,0x00000000d9179a28,0x00000000d9180000)
  to   space 5120K, 0% used [0x00000000d8780000,0x00000000d8780000,0x00000000d8c80000)
 ParOldGen       total 86016K, used 1721K [0x0000000083600000, 0x0000000088a00000, 0x00000000d6780000)
  object space 86016K, 2% used [0x0000000083600000,0x00000000837ae688,0x0000000088a00000)
 Metaspace       used 12187K, capacity 12472K, committed 12672K, reserved 1060864K
  class space    used 1502K, capacity 1577K, committed 1664K, reserved 1048576K
}
Event: 1.640 GC heap before
{Heap before GC invocations=3 (full 0):
 PSYoungGen      total 37888K, used 37862K [0x00000000d6780000, 0x00000000db180000, 0x0000000100000000)
  eden space 32768K, 100% used [0x00000000d6780000,0x00000000d8780000,0x00000000d8780000)
  from space 5120K, 99% used [0x00000000d8c80000,0x00000000d9179a28,0x00000000d9180000)
  to   space 5120K, 0% used [0x00000000d8780000,0x00000000d8780000,0x00000000d8c80000)
 ParOldGen       total 86016K, used 1721K [0x0000000083600000, 0x0000000088a00000, 0x00000000d6780000)
  object space 86016K, 2% used [0x0000000083600000,0x00000000837ae688,0x0000000088a00000)
 Metaspace       used 12599K, capacity 12914K, committed 13184K, reserved 1060864K
  class space    used 1523K, capacity 1615K, committed 1664K, reserved 1048576K
Event: 1.650 GC heap after
Heap after GC invocations=3 (full 0):
 PSYoungGen      total 37888K, used 5088K [0x00000000d6780000, 0x00000000db180000, 0x0000000100000000)
  eden space 32768K, 0% used [0x00000000d6780000,0x00000000d6780000,0x00000000d8780000)
  from space 5120K, 99% used [0x00000000d8780000,0x00000000d8c78020,0x00000000d8c80000)
  to   space 5120K, 0% used [0x00000000dac80000,0x00000000dac80000,0x00000000db180000)
 ParOldGen       total 86016K, used 2795K [0x0000000083600000, 0x0000000088a00000, 0x00000000d6780000)
  object space 86016K, 3% used [0x0000000083600000,0x00000000838bad48,0x0000000088a00000)
 Metaspace       used 12599K, capacity 12914K, committed 13184K, reserved 1060864K
  class space    used 1523K, capacity 1615K, committed 1664K, reserved 1048576K
}
Event: 1.947 GC heap before
{Heap before GC invocations=4 (full 0):
 PSYoungGen      total 37888K, used 37856K [0x00000000d6780000, 0x00000000db180000, 0x0000000100000000)
  eden space 32768K, 100% used [0x00000000d6780000,0x00000000d8780000,0x00000000d8780000)
  from space 5120K, 99% used [0x00000000d8780000,0x00000000d8c78020,0x00000000d8c80000)
  to   space 5120K, 0% used [0x00000000dac80000,0x00000000dac80000,0x00000000db180000)
 ParOldGen       total 86016K, used 2795K [0x0000000083600000, 0x0000000088a00000, 0x00000000d6780000)
  object space 86016K, 3% used [0x0000000083600000,0x00000000838bad48,0x0000000088a00000)
 Metaspace       used 12816K, capacity 13148K, committed 13440K, reserved 1060864K
  class space    used 1529K, capacity 1622K, committed 1664K, reserved 1048576K
Event: 1.957 GC heap after
Heap after GC invocations=4 (full 0):
 PSYoungGen      total 70656K, used 5120K [0x00000000d6780000, 0x00000000db180000, 0x0000000100000000)
  eden space 65536K, 0% used [0x00000000d6780000,0x00000000d6780000,0x00000000da780000)
  from space 5120K, 100% used [0x00000000dac80000,0x00000000db180000,0x00000000db180000)
  to   space 5120K, 0% used [0x00000000da780000,0x00000000da780000,0x00000000dac80000)
 ParOldGen       total 86016K, used 4323K [0x0000000083600000, 0x0000000088a00000, 0x00000000d6780000)
  object space 86016K, 5% used [0x0000000083600000,0x0000000083a38d48,0x0000000088a00000)
 Metaspace       used 12816K, capacity 13148K, committed 13440K, reserved 1060864K
  class space    used 1529K, capacity 1622K, committed 1664K, reserved 1048576K
}
Event: 2.376 GC heap before
{Heap before GC invocations=5 (full 0):
 PSYoungGen      total 70656K, used 70656K [0x00000000d6780000, 0x00000000db180000, 0x0000000100000000)
  eden space 65536K, 100% used [0x00000000d6780000,0x00000000da780000,0x00000000da780000)
  from space 5120K, 100% used [0x00000000dac80000,0x00000000db180000,0x00000000db180000)
  to   space 5120K, 0% used [0x00000000da780000,0x00000000da780000,0x00000000dac80000)
 ParOldGen       total 86016K, used 4323K [0x0000000083600000, 0x0000000088a00000, 0x00000000d6780000)
  object space 86016K, 5% used [0x0000000083600000,0x0000000083a38d48,0x0000000088a00000)
 Metaspace       used 13050K, capacity 13364K, committed 13440K, reserved 1060864K
  class space    used 1531K, capacity 1626K, committed 1664K, reserved 1048576K
Event: 2.390 GC heap after
Heap after GC invocations=5 (full 0):
 PSYoungGen      total 70656K, used 5120K [0x00000000d6780000, 0x00000000df880000, 0x0000000100000000)
  eden space 65536K, 0% used [0x00000000d6780000,0x00000000d6780000,0x00000000da780000)
  from space 5120K, 100% used [0x00000000da780000,0x00000000dac80000,0x00000000dac80000)
  to   space 8704K, 0% used [0x00000000df000000,0x00000000df000000,0x00000000df880000)
 ParOldGen       total 86016K, used 7115K [0x0000000083600000, 0x0000000088a00000, 0x00000000d6780000)
  object space 86016K, 8% used [0x0000000083600000,0x0000000083cf2d68,0x0000000088a00000)
 Metaspace       used 13050K, capacity 13364K, committed 13440K, reserved 1060864K
  class space    used 1531K, capacity 1626K, committed 1664K, reserved 1048576K
}
Event: 2.754 GC heap before
{Heap before GC invocations=6 (full 0):
 PSYoungGen      total 70656K, used 70656K [0x00000000d6780000, 0x00000000df880000, 0x0000000100000000)
  eden space 65536K, 100% used [0x00000000d6780000,0x00000000da780000,0x00000000da780000)
  from space 5120K, 100% used [0x00000000da780000,0x00000000dac80000,0x00000000dac80000)
  to   space 8704K, 0% used [0x00000000df000000,0x00000000df000000,0x00000000df880000)
 ParOldGen       total 86016K, used 7115K [0x0000000083600000, 0x0000000088a00000, 0x00000000d6780000)
  object space 86016K, 8% used [0x0000000083600000,0x0000000083cf2d68,0x0000000088a00000)
 Metaspace       used 13278K, capacity 13556K, committed 13696K, reserved 1060864K
  class space    used 1537K, capacity 1626K, committed 1664K, reserved 1048576K
Event: 2.766 GC heap after
Heap after GC invocations=6 (full 0):
 PSYoungGen      total 139264K, used 8080K [0x00000000d6780000, 0x00000000df980000, 0x0000000100000000)
  eden space 130560K, 0% used [0x00000000d6780000,0x00000000d6780000,0x00000000de700000)
  from space 8704K, 92% used [0x00000000df000000,0x00000000df7e4020,0x00000000df880000)
  to   space 9216K, 0% used [0x00000000de700000,0x00000000de700000,0x00000000df000000)
 ParOldGen       total 86016K, used 7115K [0x0000000083600000, 0x0000000088a00000, 0x00000000d6780000)
  object space 86016K, 8% used [0x0000000083600000,0x0000000083cf2d68,0x0000000088a00000)
 Metaspace       used 13278K, capacity 13556K, committed 13696K, reserved 1060864K
  class space    used 1537K, capacity 1626K, committed 1664K, reserved 1048576K
}

